# JRE version: OpenJDK Runtime Environment (8.0_152-b06) (build 1.8.0_152-release-1024-b6)
# Java VM: OpenJDK Server VM (25.152-b6 mixed mode windows-x86 )
Heap:
 PSYoungGen      total 30464K, used 3680K [0x35e00000, 0x38200000, 0x45800000)
  eden space 30208K, 11% used [0x35e00000,0x36188048,0x37b80000)
  from space 256K, 25% used [0x37c40000,0x37c50000,0x37c80000)
  to   space 3328K, 0% used [0x37ec0000,0x37ec0000,0x38200000)
 ParOldGen       total 181760K, used 124739K [0x16a00000, 0x21b80000, 0x35e00000)
  object space 181760K, 68% used [0x16a00000,0x1e3d0e80,0x21b80000)
 Metaspace       used 8967K, capacity 9171K, committed 9216K, reserved 9600K
GC Heap History (10 events):
Event: 33.675 GC heap before
{Heap before GC invocations=32 (full 3):
 PSYoungGen      total 37888K, used 33980K [0x35e00000, 0x38780000, 0x45800000)
  eden space 34304K, 98% used [0x35e00000,0x37f14f58,0x37f80000)
  from space 3584K, 2% used [0x38400000,0x3841a420,0x38780000)
  to   space 4096K, 0% used [0x37f80000,0x37f80000,0x38380000)
 ParOldGen       total 58880K, used 2226K [0x16a00000, 0x1a380000, 0x35e00000)
  object space 58880K, 3% used [0x16a00000,0x16c2cb80,0x1a380000)
 Metaspace       used 8890K, capacity 9107K, committed 9216K, reserved 9600K
Event: 33.676 GC heap after
Heap after GC invocations=32 (full 3):
 PSYoungGen      total 33536K, used 96K [0x35e00000, 0x38600000, 0x45800000)
  eden space 33280K, 0% used [0x35e00000,0x35e00000,0x37e80000)
  from space 256K, 37% used [0x37f80000,0x37f98000,0x37fc0000)
  to   space 3840K, 0% used [0x38240000,0x38240000,0x38600000)
 ParOldGen       total 58880K, used 2234K [0x16a00000, 0x1a380000, 0x35e00000)
  object space 58880K, 3% used [0x16a00000,0x16c2eb80,0x1a380000)
 Metaspace       used 8890K, capacity 9107K, committed 9216K, reserved 9600K
}
Event: 33.987 GC heap before
{Heap before GC invocations=33 (full 3):
 PSYoungGen      total 33536K, used 32455K [0x35e00000, 0x38600000, 0x45800000)
  eden space 33280K, 97% used [0x35e00000,0x37d99eb0,0x37e80000)
  from space 256K, 37% used [0x37f80000,0x37f98000,0x37fc0000)
  to   space 3840K, 0% used [0x38240000,0x38240000,0x38600000)
 ParOldGen       total 58880K, used 2234K [0x16a00000, 0x1a380000, 0x35e00000)
  object space 58880K, 3% used [0x16a00000,0x16c2eb80,0x1a380000)
 Metaspace       used 8891K, capacity 9107K, committed 9216K, reserved 9600K
Event: 33.988 GC heap after
Heap after GC invocations=33 (full 3):
 PSYoungGen      total 35584K, used 96K [0x35e00000, 0x38540000, 0x45800000)
  eden space 32512K, 0% used [0x35e00000,0x35e00000,0x37dc0000)
  from space 3072K, 3% used [0x38240000,0x38258020,0x38540000)
  to   space 3840K, 0% used [0x37dc0000,0x37dc0000,0x38180000)
 ParOldGen       total 58880K, used 2246K [0x16a00000, 0x1a380000, 0x35e00000)
  object space 58880K, 3% used [0x16a00000,0x16c31b80,0x1a380000)
 Metaspace       used 8891K, capacity 9107K, committed 9216K, reserved 9600K
}
Event: 34.479 GC heap before
{Heap before GC invocations=34 (full 3):
 PSYoungGen      total 35584K, used 31646K [0x35e00000, 0x38540000, 0x45800000)
  eden space 32512K, 97% used [0x35e00000,0x37ccf7e0,0x37dc0000)
  from space 3072K, 3% used [0x38240000,0x38258020,0x38540000)
  to   space 3840K, 0% used [0x37dc0000,0x37dc0000,0x38180000)
 ParOldGen       total 58880K, used 2246K [0x16a00000, 0x1a380000, 0x35e00000)
  object space 58880K, 3% used [0x16a00000,0x16c31b80,0x1a380000)
 Metaspace       used 8891K, capacity 9107K, committed 9216K, reserved 9600K
Event: 34.480 GC heap after
Heap after GC invocations=34 (full 3):
 PSYoungGen      total 32000K, used 173K [0x35e00000, 0x38400000, 0x45800000)
  eden space 31744K, 0% used [0x35e00000,0x35e00000,0x37d00000)
  from space 256K, 67% used [0x37dc0000,0x37deb778,0x37e00000)
  to   space 3584K, 0% used [0x38080000,0x38080000,0x38400000)
 ParOldGen       total 58880K, used 2254K [0x16a00000, 0x1a380000, 0x35e00000)
  object space 58880K, 3% used [0x16a00000,0x16c33b80,0x1a380000)
 Metaspace       used 8891K, capacity 9107K, committed 9216K, reserved 9600K
}
Event: 35.052 GC heap before
{Heap before GC invocations=35 (full 3):
 PSYoungGen      total 32000K, used 31866K [0x35e00000, 0x38400000, 0x45800000)
  eden space 31744K, 99% used [0x35e00000,0x37cf3328,0x37d00000)
  from space 256K, 67% used [0x37dc0000,0x37deb778,0x37e00000)
  to   space 3584K, 0% used [0x38080000,0x38080000,0x38400000)
 ParOldGen       total 181760K, used 124719K [0x16a00000, 0x21b80000, 0x35e00000)
  object space 181760K, 68% used [0x16a00000,0x1e3cbe80,0x21b80000)
 Metaspace       used 8891K, capacity 9107K, committed 9216K, reserved 9600K
Event: 35.053 GC heap after
Heap after GC invocations=35 (full 3):
 PSYoungGen      total 33280K, used 351K [0x35e00000, 0x382c0000, 0x45800000)
  eden space 30976K, 0% used [0x35e00000,0x35e00000,0x37c40000)
  from space 2304K, 15% used [0x38080000,0x380d7dc0,0x382c0000)
  to   space 3328K, 0% used [0x37c40000,0x37c40000,0x37f80000)
 ParOldGen       total 181760K, used 124727K [0x16a00000, 0x21b80000, 0x35e00000)
  object space 181760K, 68% used [0x16a00000,0x1e3cde80,0x21b80000)
 Metaspace       used 8891K, capacity 9107K, committed 9216K, reserved 9600K
}
Event: 37.433 GC heap before
{Heap before GC invocations=36 (full 3):
 PSYoungGen      total 33280K, used 31327K [0x35e00000, 0x382c0000, 0x45800000)
  eden space 30976K, 100% used [0x35e00000,0x37c40000,0x37c40000)
  from space 2304K, 15% used [0x38080000,0x380d7dc0,0x382c0000)
  to   space 3328K, 0% used [0x37c40000,0x37c40000,0x37f80000)
 ParOldGen       total 181760K, used 124727K [0x16a00000, 0x21b80000, 0x35e00000)
  object space 181760K, 68% used [0x16a00000,0x1e3cde80,0x21b80000)
 Metaspace       used 8957K, capacity 9171K, committed 9216K, reserved 9600K
Event: 37.434 GC heap after
Heap after GC invocations=36 (full 3):
 PSYoungGen      total 30464K, used 64K [0x35e00000, 0x38200000, 0x45800000)
  eden space 30208K, 0% used [0x35e00000,0x35e00000,0x37b80000)
  from space 256K, 25% used [0x37c40000,0x37c50000,0x37c80000)
  to   space 3328K, 0% used [0x37ec0000,0x37ec0000,0x38200000)
 ParOldGen       total 181760K, used 124739K [0x16a00000, 0x21b80000, 0x35e00000)
  object space 181760K, 68% used [0x16a00000,0x1e3d0e80,0x21b80000)
 Metaspace       used 8957K, capacity 9171K, committed 9216K, reserved 9600K
}

